mode: atomic
go-lambda-api/cmd/lambda/lambda-main.go:29.43,43.46 4 0
go-lambda-api/cmd/lambda/lambda-main.go:43.46,48.3 1 0
go-lambda-api/cmd/lambda/lambda-main.go:51.2,53.9 2 0
go-lambda-api/cmd/lambda/lambda-main.go:54.72,55.41 1 0
go-lambda-api/cmd/lambda/lambda-main.go:56.74,57.46 1 0
go-lambda-api/cmd/lambda/lambda-main.go:58.74,59.59 1 0
go-lambda-api/cmd/lambda/lambda-main.go:60.75,61.56 1 0
go-lambda-api/cmd/lambda/lambda-main.go:62.73,63.60 1 0
go-lambda-api/cmd/lambda/lambda-main.go:64.75,65.59 1 0
go-lambda-api/cmd/lambda/lambda-main.go:66.78,67.59 1 0
go-lambda-api/cmd/lambda/lambda-main.go:68.10,69.84 1 0
go-lambda-api/cmd/lambda/lambda-main.go:72.2,72.16 1 0
go-lambda-api/cmd/lambda/lambda-main.go:72.16,79.71 3 0
go-lambda-api/cmd/lambda/lambda-main.go:79.71,81.4 1 0
go-lambda-api/cmd/lambda/lambda-main.go:83.3,84.35 2 0
go-lambda-api/cmd/lambda/lambda-main.go:84.35,86.4 1 0
go-lambda-api/cmd/lambda/lambda-main.go:87.3,87.28 1 0
go-lambda-api/cmd/lambda/lambda-main.go:91.2,91.29 1 0
go-lambda-api/cmd/lambda/lambda-main.go:91.29,93.3 1 0
go-lambda-api/cmd/lambda/lambda-main.go:94.2,94.34 1 0
go-lambda-api/cmd/lambda/lambda-main.go:94.34,96.40 1 0
go-lambda-api/cmd/lambda/lambda-main.go:96.40,98.4 1 0
go-lambda-api/cmd/lambda/lambda-main.go:101.2,101.22 1 0
go-lambda-api/cmd/lambda/lambda-main.go:104.93,106.2 1 0
go-lambda-api/cmd/lambda/lambda-main.go:110.43,114.2 2 0
go-lambda-api/cmd/lambda/lambda-main.go:118.43,122.2 2 0
go-lambda-api/cmd/lambda/lambda-main.go:126.43,130.2 2 0
go-lambda-api/cmd/lambda/lambda-main.go:134.43,138.2 2 0
go-lambda-api/cmd/lambda/lambda-main.go:142.43,146.2 2 0
go-lambda-api/internal/app/app.go:27.40,30.16 2 0
go-lambda-api/internal/app/app.go:30.16,32.3 1 0
go-lambda-api/internal/app/app.go:35.2,36.21 2 0
go-lambda-api/internal/app/app.go:36.21,38.3 1 0
go-lambda-api/internal/app/app.go:40.2,44.16 2 0
go-lambda-api/internal/app/app.go:44.16,46.3 1 0
go-lambda-api/internal/app/app.go:48.2,48.27 1 0
go-lambda-api/internal/app/app.go:53.13,56.16 2 0
go-lambda-api/internal/app/app.go:56.16,58.3 1 0
go-lambda-api/internal/app/app.go:60.2,60.41 1 0
go-lambda-api/internal/app/app.go:60.41,62.3 1 0
go-lambda-api/internal/app/app.go:62.8,64.3 1 0
go-lambda-api/internal/app/app.go:67.25,85.16 13 0
go-lambda-api/internal/app/app.go:85.16,87.3 1 0
go-lambda-api/internal/app/app.go:89.2,94.12 2 0
go-lambda-api/internal/app/app.go:94.12,96.80 2 0
go-lambda-api/internal/app/app.go:96.80,98.4 1 0
go-lambda-api/internal/app/app.go:102.2,110.45 7 0
go-lambda-api/internal/app/app.go:110.45,112.3 1 0
go-lambda-api/internal/app/app.go:113.2,113.43 1 0
go-lambda-api/internal/app/app.go:116.20,123.124 5 0
go-lambda-api/internal/app/app.go:123.124,125.3 1 0
go-lambda-api/internal/app/app.go:132.56,133.54 1 0
go-lambda-api/internal/app/app.go:133.54,143.38 2 0
go-lambda-api/internal/app/app.go:143.38,144.23 1 0
go-lambda-api/internal/app/app.go:144.23,146.5 1 0
go-lambda-api/internal/app/app.go:149.3,149.43 1 0
go-lambda-api/internal/app/app.go:149.43,150.23 1 0
go-lambda-api/internal/app/app.go:150.23,152.5 1 0
go-lambda-api/internal/app/app.go:156.3,156.30 1 0
go-lambda-api/internal/app/app.go:156.30,158.4 1 0
go-lambda-api/internal/app/app.go:161.3,162.17 2 0
go-lambda-api/internal/app/app.go:162.17,165.4 2 0
go-lambda-api/internal/app/app.go:168.3,168.43 1 0
go-lambda-api/internal/app/app.go:168.43,170.4 1 0
go-lambda-api/internal/app/app.go:171.3,173.17 3 0
go-lambda-api/internal/app/app.go:173.17,175.4 1 0
go-lambda-api/utils/response.go:15.92,21.17 4 0
go-lambda-api/utils/response.go:21.17,23.17 2 0
go-lambda-api/utils/response.go:23.17,31.4 1 0
go-lambda-api/utils/response.go:34.2,44.22 3 0
go-lambda-api/utils/response.go:48.87,50.16 2 0
go-lambda-api/utils/response.go:50.16,53.3 2 0
go-lambda-api/utils/response.go:55.2,56.20 2 0
go-lambda-api/utils/response.go:56.20,59.3 1 0
go-lambda-api/utils/response.go:61.2,69.22 3 0
go-lambda-api/utils/response.go:73.62,74.29 1 0
go-lambda-api/utils/response.go:74.29,76.3 1 0
go-lambda-api/utils/response.go:78.2,78.52 1 0
go-lambda-api/utils/response.go:78.52,80.3 1 0
go-lambda-api/models/user.go:26.54,27.15 1 0
go-lambda-api/models/user.go:27.15,28.20 1 0
go-lambda-api/models/user.go:28.20,30.4 1 0
go-lambda-api/models/user.go:31.3,31.21 1 0
go-lambda-api/models/user.go:31.21,33.4 1 0
go-lambda-api/models/user.go:34.8,34.44 1 0
go-lambda-api/models/user.go:34.44,36.3 1 0
go-lambda-api/models/user.go:38.2,38.12 1 0
go-lambda-api/models/user.go:60.49,62.2 1 0
go-lambda-api/models/user.go:65.27,67.2 1 0
go-lambda-api/models/user.go:70.47,72.2 1 0
go-lambda-api/models/user.go:74.71,76.13 2 0
go-lambda-api/models/user.go:76.13,78.3 1 0
go-lambda-api/models/user.go:80.2,80.18 1 0
go-lambda-api/models/user.go:83.55,85.31 2 0
go-lambda-api/models/user.go:85.31,87.3 1 0
go-lambda-api/models/user.go:89.2,89.17 1 0
go-lambda-api/models/user.go:92.70,96.2 2 0
go-lambda-api/models/user.go:98.70,100.13 2 0
go-lambda-api/models/user.go:100.13,102.3 1 0
go-lambda-api/models/user.go:103.2,105.18 2 0
go-lambda-api/models/user.go:108.62,110.13 2 0
go-lambda-api/models/user.go:110.13,112.3 1 0
go-lambda-api/models/user.go:113.2,115.12 2 0
go-lambda-api/models/user.go:125.95,127.2 1 0
go-lambda-api/models/user.go:130.70,132.16 2 0
go-lambda-api/models/user.go:132.16,134.3 1 0
go-lambda-api/models/user.go:136.2,142.16 3 0
go-lambda-api/models/user.go:142.16,144.3 1 0
go-lambda-api/models/user.go:146.2,146.18 1 0
go-lambda-api/models/user.go:150.71,161.16 3 0
go-lambda-api/models/user.go:161.16,163.3 1 0
go-lambda-api/models/user.go:165.2,165.24 1 0
go-lambda-api/models/user.go:165.24,167.3 1 0
go-lambda-api/models/user.go:169.2,171.16 3 0
go-lambda-api/models/user.go:171.16,173.3 1 0
go-lambda-api/models/user.go:175.2,175.18 1 0
go-lambda-api/models/user.go:179.55,185.16 3 0
go-lambda-api/models/user.go:185.16,189.3 2 0
go-lambda-api/models/user.go:191.2,193.16 3 0
go-lambda-api/models/user.go:193.16,197.3 2 0
go-lambda-api/models/user.go:199.2,199.14 1 0
go-lambda-api/models/user.go:203.70,205.16 2 0
go-lambda-api/models/user.go:205.16,207.3 1 0
go-lambda-api/models/user.go:209.2,215.16 3 0
go-lambda-api/models/user.go:215.16,217.3 1 0
go-lambda-api/models/user.go:219.2,219.18 1 0
go-lambda-api/models/user.go:223.62,234.16 3 0
go-lambda-api/models/user.go:234.16,236.3 1 0
go-lambda-api/models/user.go:238.2,238.12 1 0
go-lambda-api/cmd/local/main.go:7.13,13.2 1 0
go-lambda-api/handlers/health_handler.go:16.40,18.2 1 0
go-lambda-api/handlers/health_handler.go:24.43,26.2 1 0
go-lambda-api/handlers/user_handler.go:23.66,25.2 1 0
go-lambda-api/handlers/user_handler.go:29.43,32.71 2 0
go-lambda-api/handlers/user_handler.go:32.71,34.3 1 0
go-lambda-api/handlers/user_handler.go:36.2,36.48 1 0
go-lambda-api/handlers/user_handler.go:36.48,38.3 1 0
go-lambda-api/handlers/user_handler.go:40.2,48.16 3 0
go-lambda-api/handlers/user_handler.go:48.16,50.3 1 0
go-lambda-api/handlers/user_handler.go:52.2,52.59 1 0
go-lambda-api/handlers/user_handler.go:57.43,59.18 2 0
go-lambda-api/handlers/user_handler.go:59.18,61.3 1 0
go-lambda-api/handlers/user_handler.go:63.2,64.16 2 0
go-lambda-api/handlers/user_handler.go:64.16,66.3 1 0
go-lambda-api/handlers/user_handler.go:68.2,68.47 1 0
go-lambda-api/handlers/user_handler.go:73.43,77.2 2 0
go-lambda-api/handlers/user_handler.go:81.43,83.18 2 0
go-lambda-api/handlers/user_handler.go:83.18,85.3 1 0
go-lambda-api/handlers/user_handler.go:87.2,88.71 2 0
go-lambda-api/handlers/user_handler.go:88.71,90.3 1 0
go-lambda-api/handlers/user_handler.go:92.2,92.47 1 0
go-lambda-api/handlers/user_handler.go:92.47,94.3 1 0
go-lambda-api/handlers/user_handler.go:96.2,97.16 2 0
go-lambda-api/handlers/user_handler.go:97.16,99.3 1 0
go-lambda-api/handlers/user_handler.go:101.2,101.24 1 0
go-lambda-api/handlers/user_handler.go:101.24,103.3 1 0
go-lambda-api/handlers/user_handler.go:104.2,104.25 1 0
go-lambda-api/handlers/user_handler.go:104.25,106.3 1 0
go-lambda-api/handlers/user_handler.go:108.2,109.16 2 0
go-lambda-api/handlers/user_handler.go:109.16,111.3 1 0
go-lambda-api/handlers/user_handler.go:113.2,113.54 1 0
go-lambda-api/handlers/user_handler.go:118.43,120.18 2 0
go-lambda-api/handlers/user_handler.go:120.18,122.3 1 0
go-lambda-api/handlers/user_handler.go:124.2,125.16 2 0
go-lambda-api/handlers/user_handler.go:125.16,126.38 1 0
go-lambda-api/handlers/user_handler.go:126.38,128.4 1 0
go-lambda-api/handlers/user_handler.go:130.3,130.66 1 0
go-lambda-api/handlers/user_handler.go:133.2,133.53 1 0
