mode: set
go-lambda-api/handlers/health_handler.go:9.125,15.2 1 1
go-lambda-api/handlers/user_handler.go:22.141,25.71 2 1
go-lambda-api/handlers/user_handler.go:25.71,27.3 1 0
go-lambda-api/handlers/user_handler.go:29.2,29.47 1 1
go-lambda-api/handlers/user_handler.go:29.47,31.3 1 1
go-lambda-api/handlers/user_handler.go:33.2,41.16 3 1
go-lambda-api/handlers/user_handler.go:41.16,43.3 1 1
go-lambda-api/handlers/user_handler.go:45.2,45.59 1 1
go-lambda-api/handlers/user_handler.go:48.138,52.16 3 1
go-lambda-api/handlers/user_handler.go:52.16,54.3 1 1
go-lambda-api/handlers/user_handler.go:56.2,56.47 1 1
go-lambda-api/handlers/user_handler.go:59.142,63.2 2 1
go-lambda-api/handlers/user_handler.go:65.141,69.71 3 1
go-lambda-api/handlers/user_handler.go:69.71,71.3 1 0
go-lambda-api/handlers/user_handler.go:73.2,73.47 1 1
go-lambda-api/handlers/user_handler.go:73.47,75.3 1 1
go-lambda-api/handlers/user_handler.go:77.2,78.16 2 1
go-lambda-api/handlers/user_handler.go:78.16,80.3 1 1
go-lambda-api/handlers/user_handler.go:82.2,82.24 1 1
go-lambda-api/handlers/user_handler.go:82.24,84.3 1 1
go-lambda-api/handlers/user_handler.go:85.2,85.25 1 1
go-lambda-api/handlers/user_handler.go:85.25,87.3 1 1
go-lambda-api/handlers/user_handler.go:89.2,90.16 2 1
go-lambda-api/handlers/user_handler.go:90.16,92.3 1 1
go-lambda-api/handlers/user_handler.go:94.2,94.54 1 1
go-lambda-api/handlers/user_handler.go:97.141,101.16 3 1
go-lambda-api/handlers/user_handler.go:101.16,103.3 1 1
go-lambda-api/handlers/user_handler.go:105.2,105.53 1 1
